<?xml version="1.0" encoding="UTF-8"?>
<!-- Generated by org.testng.reporters.JUnitReportReporter -->
<testsuite hostname="Priti" failures="0" tests="1" name="NumadicTest.priti" time="33.819" errors="0" timestamp="2023-02-24T21:01:45 IST" skipped="0">
  <testcase classname="NumadicTest.priti" name="numadic" time="33.819"/>
  <system-out/>
</testsuite> <!-- NumadicTest.priti -->
